<?xml version="1.0" encoding="UTF-8"?>
<testng-results ignored="0" total="2" passed="2" failed="0" skipped="0">
  <reporter-output>
  </reporter-output>
  <suite started-at="2025-07-08T16:36:14 IST" name="Test priority" finished-at="2025-07-08T16:36:30 IST" duration-ms="15397">
    <groups>
    </groups>
    <test started-at="2025-07-08T16:36:14 IST" name="Integration Testing" finished-at="2025-07-08T16:36:30 IST" duration-ms="15397">
      <class name="Revenue.Financing">
        <test-method signature="setUp()[pri:1, instance:Revenue.Financing@68be8808]" started-at="2025-07-08T16:36:14 IST" name="setUp" finished-at="2025-07-08T16:36:22 IST" duration-ms="7934" status="PASS">
          <reporter-output>
          </reporter-output>
        </test-method> <!-- setUp -->
        <test-method signature="financing()[pri:2, instance:Revenue.Financing@68be8808]" started-at="2025-07-08T16:36:22 IST" name="financing" finished-at="2025-07-08T16:36:30 IST" duration-ms="7349" status="PASS">
          <reporter-output>
          </reporter-output>
        </test-method> <!-- financing -->
      </class> <!-- Revenue.Financing -->
    </test> <!-- Integration Testing -->
  </suite> <!-- Test priority -->
</testng-results>
